2025-05-28 17:45:55,163 [INFO] Activator:176 - 


2025-05-28 17:45:55,165 [INFO] Activator:177 - !SESSION log4j initialized
2025-05-28 17:45:57,182 [INFO] LogOutputStream:77 - [STDOUT_REDIRECT] 
2025-05-28 17:46:03,232 [INFO] ApplicationProperties:184 - Using Application install path: C:\ST\STM32CubeIDE_1.17.0\STM32CubeIDE\plugins\com.st.stm32cube.common.mx_6.14.0.202502271554
2025-05-28 17:46:03,243 [INFO] DbMcusXml:78 - Set database path to: C:\ST\STM32CubeIDE_1.17.0\STM32CubeIDE\plugins\com.st.stm32cube.common.mx_6.14.0.202502271554\\db\/mcu/
2025-05-28 17:46:03,244 [INFO] ApiDb:274 - Set plugin database path to: C:\ST\STM32CubeIDE_1.17.0\STM32CubeIDE\plugins\com.st.stm32cube.common.mx_6.14.0.202502271554\\db\/plugins/boardmanager/
2025-05-28 17:46:03,244 [WARN] ApiDb:259 - Overriding images path with different value:  => C:\ST\STM32CubeIDE_1.17.0\STM32CubeIDE\plugins\com.st.stm32cube.common.mx_6.14.0.202502271554\\db\/plugins/mcufinder/images/
2025-05-28 17:46:03,248 [INFO] ApiDb:250 - Set database path to: C:\Users\lucas\.stmcufinder\plugins\mcufinder//mcu/
2025-05-28 17:46:03,249 [INFO] DbMcusAds:125 - Set database path to: C:\Users\lucas\.stmcufinder\plugins\mcufinder//mcu/
2025-05-28 17:46:03,250 [INFO] CrossReferenceDbSqlite:203 - Set database path to: C:\Users\lucas\.stmcufinder\plugins\mcufinder//mcu/cs/
2025-05-28 17:46:03,327 [INFO] RulesReader:64 - Compatibility file has been processed (301 Rules)
2025-05-28 17:46:03,381 [INFO] DbMcusXml:78 - Set database path to: C:\ST\STM32CubeIDE_1.17.0\STM32CubeIDE\plugins\com.st.stm32cube.common.mx_6.14.0.202502271554\\db\/mcu/
2025-05-28 17:46:03,381 [INFO] ApiDb:274 - Set plugin database path to: C:\ST\STM32CubeIDE_1.17.0\STM32CubeIDE\plugins\com.st.stm32cube.common.mx_6.14.0.202502271554\\db\/plugins/boardmanager/
2025-05-28 17:46:03,381 [INFO] ApiDb:261 - Set plugin images path to: C:\ST\STM32CubeIDE_1.17.0\STM32CubeIDE\plugins\com.st.stm32cube.common.mx_6.14.0.202502271554\\db\/plugins/mcufinder/images/
2025-05-28 17:46:03,381 [WARN] DbFile:41 - Overriding database path with different value: C:\Users\lucas\.stmcufinder\plugins\mcufinder/ => C:\Users\lucas\.stmcufinder\plugins\mcufinder
2025-05-28 17:46:03,381 [INFO] ApiDb:250 - Set database path to: C:\Users\lucas\.stmcufinder\plugins\mcufinder//mcu/
2025-05-28 17:46:03,381 [WARN] DbFile:41 - Overriding database path with different value: C:\Users\lucas\.stmcufinder\plugins\mcufinder/ => C:\Users\lucas\.stmcufinder\plugins\mcufinder
2025-05-28 17:46:03,381 [INFO] DbMcusAds:125 - Set database path to: C:\Users\lucas\.stmcufinder\plugins\mcufinder//mcu/
2025-05-28 17:46:03,381 [WARN] DbFile:41 - Overriding database path with different value: C:\Users\lucas\.stmcufinder\plugins\mcufinder/ => C:\Users\lucas\.stmcufinder\plugins\mcufinder
2025-05-28 17:46:03,381 [WARN] DbFile:41 - Overriding database path with different value: C:\Users\lucas\.stmcufinder\plugins\mcufinder/ => C:\Users\lucas\.stmcufinder\plugins\mcufinder
2025-05-28 17:46:03,381 [INFO] CrossReferenceDbSqlite:203 - Set database path to: C:\Users\lucas\.stmcufinder\plugins\mcufinder//mcu/cs/
2025-05-28 17:46:03,439 [INFO] MainPanel:272 - HeapMemory: 268435456
2025-05-28 17:46:03,503 [INFO] DbMcusXml:78 - Set database path to: C:\ST\STM32CubeIDE_1.17.0\STM32CubeIDE\plugins\com.st.stm32cube.common.mx_6.14.0.202502271554\\db\/mcu/
2025-05-28 17:46:03,503 [INFO] ApiDb:274 - Set plugin database path to: C:\ST\STM32CubeIDE_1.17.0\STM32CubeIDE\plugins\com.st.stm32cube.common.mx_6.14.0.202502271554\\db\/plugins/boardmanager/
2025-05-28 17:46:03,503 [INFO] ApiDb:261 - Set plugin images path to: C:\ST\STM32CubeIDE_1.17.0\STM32CubeIDE\plugins\com.st.stm32cube.common.mx_6.14.0.202502271554\\db\/plugins/mcufinder/images/
2025-05-28 17:46:03,503 [WARN] DbFile:41 - Overriding database path with different value: C:\Users\lucas\.stmcufinder\plugins\mcufinder/ => C:\Users\lucas\.stmcufinder\plugins\mcufinder
2025-05-28 17:46:03,503 [INFO] ApiDb:250 - Set database path to: C:\Users\lucas\.stmcufinder\plugins\mcufinder//mcu/
2025-05-28 17:46:03,503 [WARN] DbFile:41 - Overriding database path with different value: C:\Users\lucas\.stmcufinder\plugins\mcufinder/ => C:\Users\lucas\.stmcufinder\plugins\mcufinder
2025-05-28 17:46:03,504 [INFO] DbMcusAds:125 - Set database path to: C:\Users\lucas\.stmcufinder\plugins\mcufinder//mcu/
2025-05-28 17:46:03,504 [WARN] DbFile:41 - Overriding database path with different value: C:\Users\lucas\.stmcufinder\plugins\mcufinder/ => C:\Users\lucas\.stmcufinder\plugins\mcufinder
2025-05-28 17:46:03,504 [WARN] DbFile:41 - Overriding database path with different value: C:\Users\lucas\.stmcufinder\plugins\mcufinder/ => C:\Users\lucas\.stmcufinder\plugins\mcufinder
2025-05-28 17:46:03,504 [INFO] CrossReferenceDbSqlite:203 - Set database path to: C:\Users\lucas\.stmcufinder\plugins\mcufinder//mcu/cs/
2025-05-28 17:46:03,520 [INFO] ApplicationProperties:184 - Using Application install path: C:\ST\STM32CubeIDE_1.17.0\STM32CubeIDE\plugins\com.st.stm32cube.common.mx_6.14.0.202502271554
2025-05-28 17:46:03,521 [INFO] PluginManage:196 - Search for loadable plugins [exclusion list=, ]
2025-05-28 17:46:03,523 [INFO] PluginManage:310 - Check plugin analytics
2025-05-28 17:46:08,186 [INFO] AnalyticsPlugin:253 - Accepted Software Licenses: 
2025-05-28 17:46:08,186 [INFO] AnalyticsPlugin:255 - Accepted CMSIS Pack Licenses: 
2025-05-28 17:46:08,186 [INFO] AnalyticsPlugin:257 - Accepted Firmware Licenses: FW.F4.1.28.0
2025-05-28 17:46:08,189 [INFO] PluginManage:359 - Loaded plugin analytics (category:tool,tabindex:-1)
2025-05-28 17:46:08,189 [INFO] PluginManage:310 - Check plugin cadmodel
2025-05-28 17:46:08,206 [INFO] CADModel:105 - Init CAD model plugin
2025-05-28 17:46:08,206 [INFO] PluginManage:359 - Loaded plugin cadmodel (category:power,tabindex:5)
2025-05-28 17:46:08,206 [INFO] PluginManage:310 - Check plugin clock
2025-05-28 17:46:08,219 [INFO] PluginManage:359 - Loaded plugin clock (category:base,tabindex:2)
2025-05-28 17:46:08,219 [INFO] PluginManage:310 - Check plugin ddr
2025-05-28 17:46:08,221 [INFO] PluginManage:359 - Loaded plugin ddr (category:tool,tabindex:6)
2025-05-28 17:46:08,221 [INFO] PluginManage:310 - Check plugin filemanager
2025-05-28 17:46:08,337 [INFO] PluginManage:359 - Loaded plugin filemanager (category:base,tabindex:10)
2025-05-28 17:46:08,338 [INFO] PluginManage:310 - Check plugin ipmanager
2025-05-28 17:46:08,343 [INFO] PluginManage:359 - Loaded plugin ipmanager (category:base,tabindex:5)
2025-05-28 17:46:08,343 [INFO] PluginManage:310 - Check plugin lpbam
2025-05-28 17:46:08,447 [INFO] PluginManage:359 - Loaded plugin lpbam (category:base,tabindex:0)
2025-05-28 17:46:08,447 [INFO] PluginManage:310 - Check plugin memorymap
2025-05-28 17:46:08,545 [INFO] PluginManage:359 - Loaded plugin memorymap (category:base,tabindex:4)
2025-05-28 17:46:08,547 [INFO] PluginManage:310 - Check plugin pinoutandconfiguration
2025-05-28 17:46:08,559 [INFO] PluginManage:359 - Loaded plugin pinoutandconfiguration (category:base,tabindex:1)
2025-05-28 17:46:08,560 [INFO] PluginManage:310 - Check plugin pinoutconfig
2025-05-28 17:46:08,638 [WARN] SupportedApi:132 - Cannot load RTOS API schema: s4s-elt-must-match.1: The content of 'definitions' must match (annotation?, (simpleType | complexType)?, (unique | key | keyref)*)). A problem was found starting at: attribute.
2025-05-28 17:46:08,755 [INFO] PluginManage:359 - Loaded plugin pinoutconfig (category:base,tabindex:0)
2025-05-28 17:46:08,755 [INFO] PluginManage:310 - Check plugin power
2025-05-28 17:46:08,768 [INFO] PluginManage:359 - Loaded plugin power (category:power,tabindex:4)
2025-05-28 17:46:08,769 [INFO] PluginManage:310 - Check plugin projectmanager
2025-05-28 17:46:08,782 [INFO] PluginManage:359 - Loaded plugin projectmanager (category:projectmanager,tabindex:4)
2025-05-28 17:46:08,782 [INFO] PluginManage:310 - Check plugin rif
2025-05-28 17:46:08,794 [INFO] PluginManage:359 - Loaded plugin rif (category:base,tabindex:3)
2025-05-28 17:46:08,794 [INFO] PluginManage:310 - Check plugin thirdparty
2025-05-28 17:46:08,985 [INFO] PluginManage:359 - Loaded plugin thirdparty (category:base,tabindex:-1)
2025-05-28 17:46:08,985 [INFO] PluginManage:310 - Check plugin tools
2025-05-28 17:46:08,985 [WARN] IntegrityCheckThread:84 - waiting for thirdparty lock release [integrity check]
2025-05-28 17:46:08,986 [INFO] IntegrityCheckThread:86 - entering critical section [integrity check]
2025-05-28 17:46:08,986 [INFO] ThirdPartyUpdaterWithRetryManager:70 - Updater plugin not ready yet. [1/15]
2025-05-28 17:46:09,000 [INFO] PluginManage:359 - Loaded plugin tools (category:base,tabindex:7)
2025-05-28 17:46:09,000 [INFO] PluginManage:310 - Check plugin tutovideos
2025-05-28 17:46:09,192 [INFO] PluginManage:359 - Loaded plugin tutovideos (category:base,tabindex:-1)
2025-05-28 17:46:09,192 [INFO] PluginManage:310 - Check plugin updater
2025-05-28 17:46:09,210 [INFO] PluginManage:359 - Loaded plugin updater (category:base,tabindex:12)
2025-05-28 17:46:09,211 [INFO] PluginManage:310 - Check plugin userauth
2025-05-28 17:46:09,214 [INFO] UserAuth:118 - Init User Auth plugin
2025-05-28 17:46:09,214 [INFO] PluginManage:359 - Loaded plugin userauth (category:base,tabindex:14)
2025-05-28 17:46:09,215 [INFO] PluginManage:283 - PluginManage : Loaded plugins [18]
2025-05-28 17:46:09,399 [INFO] PinOutPanel:1589 - setPackage(No Configuration,No Configuration)
2025-05-28 17:46:09,481 [INFO] CADModel:165 - CPN selected for project level
2025-05-28 17:46:09,481 [INFO] CADModel:114 - Register for checkConnection events
2025-05-28 17:46:09,529 [INFO] IPUIPlugin:80 - create IPUIPlugin
2025-05-28 17:46:09,529 [INFO] PluginManager:220 - loadIPPluginJar : add adc
2025-05-28 17:46:09,545 [INFO] IPUIPlugin:80 - create IPUIPlugin
2025-05-28 17:46:09,545 [INFO] PluginManager:220 - loadIPPluginJar : add aes
2025-05-28 17:46:09,562 [INFO] IPUIPlugin:80 - create IPUIPlugin
2025-05-28 17:46:09,562 [INFO] PluginManager:220 - loadIPPluginJar : add can
2025-05-28 17:46:09,572 [INFO] IPUIPlugin:80 - create IPUIPlugin
2025-05-28 17:46:09,573 [INFO] PluginManager:220 - loadIPPluginJar : add comp
2025-05-28 17:46:09,586 [INFO] IPUIPlugin:80 - create IPUIPlugin
2025-05-28 17:46:09,587 [INFO] PluginManager:220 - loadIPPluginJar : add cryp
2025-05-28 17:46:09,596 [INFO] IPUIPlugin:80 - create IPUIPlugin
2025-05-28 17:46:09,597 [INFO] PluginManager:220 - loadIPPluginJar : add ddr_ctrl_phy
2025-05-28 17:46:09,610 [INFO] IPUIPlugin:80 - create IPUIPlugin
2025-05-28 17:46:09,610 [INFO] PluginManager:220 - loadIPPluginJar : add dfsdm
2025-05-28 17:46:09,641 [INFO] IPUIPlugin:80 - create IPUIPlugin
2025-05-28 17:46:09,641 [INFO] PluginManager:220 - loadIPPluginJar : add dma
2025-05-28 17:46:09,656 [INFO] IPUIPlugin:80 - create IPUIPlugin
2025-05-28 17:46:09,657 [INFO] PluginManager:220 - loadIPPluginJar : add dma3
2025-05-28 17:46:09,671 [INFO] IPUIPlugin:80 - create IPUIPlugin
2025-05-28 17:46:09,671 [INFO] PluginManager:220 - loadIPPluginJar : add extmemmanager
2025-05-28 17:46:09,682 [INFO] IPUIPlugin:80 - create IPUIPlugin
2025-05-28 17:46:09,682 [INFO] PluginManager:220 - loadIPPluginJar : add fatfs
2025-05-28 17:46:09,700 [INFO] IPUIPlugin:80 - create IPUIPlugin
2025-05-28 17:46:09,700 [INFO] PluginManager:220 - loadIPPluginJar : add fmc
2025-05-28 17:46:09,710 [INFO] IPUIPlugin:80 - create IPUIPlugin
2025-05-28 17:46:09,710 [INFO] PluginManager:220 - loadIPPluginJar : add freertos
2025-05-28 17:46:09,718 [INFO] IPUIPlugin:80 - create IPUIPlugin
2025-05-28 17:46:09,718 [INFO] PluginManager:220 - loadIPPluginJar : add genericplugin
2025-05-28 17:46:09,760 [INFO] IPUIPlugin:80 - create IPUIPlugin
2025-05-28 17:46:09,761 [INFO] PluginManager:220 - loadIPPluginJar : add gfxmmu
2025-05-28 17:46:09,818 [INFO] IPUIPlugin:80 - create IPUIPlugin
2025-05-28 17:46:09,818 [INFO] PluginManager:220 - loadIPPluginJar : add gic
2025-05-28 17:46:09,890 [INFO] IPUIPlugin:80 - create IPUIPlugin
2025-05-28 17:46:09,890 [INFO] PluginManager:220 - loadIPPluginJar : add gpio
2025-05-28 17:46:09,918 [INFO] IPUIPlugin:80 - create IPUIPlugin
2025-05-28 17:46:09,918 [INFO] PluginManager:220 - loadIPPluginJar : add gtzc
2025-05-28 17:46:09,930 [INFO] IPUIPlugin:80 - create IPUIPlugin
2025-05-28 17:46:09,931 [INFO] PluginManager:220 - loadIPPluginJar : add hash
2025-05-28 17:46:09,948 [INFO] IPUIPlugin:80 - create IPUIPlugin
2025-05-28 17:46:09,948 [INFO] PluginManager:220 - loadIPPluginJar : add i2c
2025-05-28 17:46:09,962 [INFO] IPUIPlugin:80 - create IPUIPlugin
2025-05-28 17:46:09,962 [INFO] PluginManager:220 - loadIPPluginJar : add i2s
2025-05-28 17:46:09,977 [INFO] IPUIPlugin:80 - create IPUIPlugin
2025-05-28 17:46:09,977 [INFO] PluginManager:220 - loadIPPluginJar : add i3c
2025-05-28 17:46:10,002 [INFO] IPUIPlugin:80 - create IPUIPlugin
2025-05-28 17:46:10,002 [INFO] PluginManager:220 - loadIPPluginJar : add ipddr
2025-05-28 17:46:10,033 [INFO] IPUIPlugin:80 - create IPUIPlugin
2025-05-28 17:46:10,033 [INFO] PluginManager:220 - loadIPPluginJar : add linkedlist
2025-05-28 17:46:10,048 [INFO] IPUIPlugin:80 - create IPUIPlugin
2025-05-28 17:46:10,048 [INFO] PluginManager:220 - loadIPPluginJar : add lorawan
2025-05-28 17:46:10,062 [INFO] IPUIPlugin:80 - create IPUIPlugin
2025-05-28 17:46:10,062 [INFO] PluginManager:220 - loadIPPluginJar : add ltdc
2025-05-28 17:46:10,123 [INFO] IPUIPlugin:80 - create IPUIPlugin
2025-05-28 17:46:10,124 [INFO] PluginManager:220 - loadIPPluginJar : add mdma
2025-05-28 17:46:10,197 [INFO] IPUIPlugin:80 - create IPUIPlugin
2025-05-28 17:46:10,197 [INFO] PluginManager:220 - loadIPPluginJar : add nvic
2025-05-28 17:46:10,212 [INFO] IPUIPlugin:80 - create IPUIPlugin
2025-05-28 17:46:10,212 [INFO] PluginManager:220 - loadIPPluginJar : add opamp
2025-05-28 17:46:10,234 [INFO] IPUIPlugin:80 - create IPUIPlugin
2025-05-28 17:46:10,235 [INFO] PluginManager:220 - loadIPPluginJar : add openamp
2025-05-28 17:46:10,251 [INFO] IPUIPlugin:80 - create IPUIPlugin
2025-05-28 17:46:10,251 [INFO] PluginManager:220 - loadIPPluginJar : add pdm2pcm
2025-05-28 17:46:10,313 [INFO] IPUIPlugin:80 - create IPUIPlugin
2025-05-28 17:46:10,315 [INFO] PluginManager:220 - loadIPPluginJar : add plateformsettings
2025-05-28 17:46:10,324 [INFO] IPUIPlugin:80 - create IPUIPlugin
2025-05-28 17:46:10,325 [INFO] PluginManager:220 - loadIPPluginJar : add quadspi
2025-05-28 17:46:10,336 [INFO] IPUIPlugin:80 - create IPUIPlugin
2025-05-28 17:46:10,337 [INFO] PluginManager:220 - loadIPPluginJar : add radio
2025-05-28 17:46:10,345 [INFO] IPUIPlugin:80 - create IPUIPlugin
2025-05-28 17:46:10,345 [INFO] PluginManager:220 - loadIPPluginJar : add resmgrutility
2025-05-28 17:46:10,362 [INFO] IPUIPlugin:80 - create IPUIPlugin
2025-05-28 17:46:10,362 [INFO] PluginManager:220 - loadIPPluginJar : add sai
2025-05-28 17:46:10,376 [INFO] IPUIPlugin:80 - create IPUIPlugin
2025-05-28 17:46:10,376 [INFO] PluginManager:220 - loadIPPluginJar : add spi
2025-05-28 17:46:10,399 [INFO] IPUIPlugin:80 - create IPUIPlugin
2025-05-28 17:46:10,399 [INFO] PluginManager:220 - loadIPPluginJar : add stm32_wpan
2025-05-28 17:46:10,408 [INFO] IPUIPlugin:80 - create IPUIPlugin
2025-05-28 17:46:10,408 [INFO] PluginManager:220 - loadIPPluginJar : add tim
2025-05-28 17:46:10,428 [INFO] IPUIPlugin:80 - create IPUIPlugin
2025-05-28 17:46:10,428 [INFO] PluginManager:220 - loadIPPluginJar : add touchsensing
2025-05-28 17:46:10,438 [INFO] IPUIPlugin:80 - create IPUIPlugin
2025-05-28 17:46:10,438 [INFO] PluginManager:220 - loadIPPluginJar : add tracer_emb
2025-05-28 17:46:10,448 [INFO] IPUIPlugin:80 - create IPUIPlugin
2025-05-28 17:46:10,448 [INFO] PluginManager:220 - loadIPPluginJar : add ts
2025-05-28 17:46:10,457 [INFO] IPUIPlugin:80 - create IPUIPlugin
2025-05-28 17:46:10,457 [INFO] PluginManager:220 - loadIPPluginJar : add tsc
2025-05-28 17:46:10,467 [INFO] IPUIPlugin:80 - create IPUIPlugin
2025-05-28 17:46:10,467 [INFO] PluginManager:220 - loadIPPluginJar : add ucpd
2025-05-28 17:46:10,481 [INFO] IPUIPlugin:80 - create IPUIPlugin
2025-05-28 17:46:10,481 [INFO] PluginManager:220 - loadIPPluginJar : add usart
2025-05-28 17:46:10,496 [INFO] IPUIPlugin:80 - create IPUIPlugin
2025-05-28 17:46:10,496 [INFO] PluginManager:220 - loadIPPluginJar : add usbx
2025-05-28 17:46:10,613 [FATAL] Updater:351 - Updater called before beeing initialized
2025-05-28 17:46:10,632 [INFO] RulesReader:64 - Compatibility file has been processed (301 Rules)
2025-05-28 17:46:10,640 [INFO] RulesReader:64 - Compatibility file has been processed (301 Rules)
2025-05-28 17:46:10,646 [INFO] CADModel:165 - CPN selected for project level
2025-05-28 17:46:10,647 [INFO] CADModel:114 - Register for checkConnection events
2025-05-28 17:46:10,647 [FATAL] Updater:351 - Updater called before beeing initialized
2025-05-28 17:46:10,647 [ERROR] CADModel:125 - Updater not yet initialized, retry later 
2025-05-28 17:46:10,761 [FATAL] Updater:351 - Updater called before beeing initialized
2025-05-28 17:46:10,763 [INFO] CADModel:165 - CPN selected for project level
2025-05-28 17:46:10,763 [INFO] CADModel:114 - Register for checkConnection events
2025-05-28 17:46:10,763 [FATAL] Updater:351 - Updater called before beeing initialized
2025-05-28 17:46:10,763 [ERROR] CADModel:125 - Updater not yet initialized, retry later 
2025-05-28 17:46:10,765 [FATAL] Updater:351 - Updater called before beeing initialized
2025-05-28 17:46:10,851 [FATAL] Updater:351 - Updater called before beeing initialized
2025-05-28 17:46:10,857 [INFO] DbMcusAds:53 - JSON generation date=Wed May 07 06:07:55 BRT 2025 (1746608875187)
2025-05-28 17:46:10,858 [FATAL] Updater:351 - Updater called before beeing initialized
2025-05-28 17:46:10,939 [WARN] DetailPanel:346 - Failed to get advertising image, set to default
2025-05-28 17:46:11,139 [FATAL] Updater:351 - Updater called before beeing initialized
2025-05-28 17:46:11,140 [FATAL] Updater:351 - Updater called before beeing initialized
2025-05-28 17:46:11,140 [FATAL] Updater:351 - Updater called before beeing initialized
2025-05-28 17:46:11,140 [WARN] DetailPanel:346 - Failed to get advertising image, set to default
2025-05-28 17:46:11,141 [FATAL] Updater:351 - Updater called before beeing initialized
2025-05-28 17:46:11,184 [ERROR] Updater:1198 - MainUpdater not yet initialized. External WinMGr cannot be set.
2025-05-28 17:46:11,188 [INFO] Updater:1134 - Updater Version found : 6.14.0
2025-05-28 17:46:11,207 [INFO] ApplicationProperties:184 - Using Application install path: C:\ST\STM32CubeIDE_1.17.0\STM32CubeIDE\plugins\com.st.stm32cube.common.mx_6.14.0.202502271554
2025-05-28 17:46:11,693 [INFO] MainUpdater:2872 - connection check result : 10
2025-05-28 17:46:11,693 [INFO] MainUpdater:3566 - Updater definition file requires update
2025-05-28 17:46:11,694 [INFO] MainUpdater:289 - Updater Check For Update Now.
2025-05-28 17:46:11,694 [INFO] MicroXplorer:498 - Change Database Version : DB.6.0.140
2025-05-28 17:46:11,703 [INFO] McuFinderGlobals:63 - Set McuFinder mode to 2 (CubeIDE integrated)
2025-05-28 17:46:11,707 [INFO] UserAuth:486 - Internet connection configuration mode: 1
2025-05-28 17:46:11,727 [INFO] JxBrowserEngine:152 - Initiate JxBrowser Engine with user profile folder
2025-05-28 17:46:11,821 [INFO] ServerAccessManage:473 - Download File updaters.zip
2025-05-28 17:46:11,906 [INFO] FileExtend:242 - Unzip File : updaters.zip
2025-05-28 17:46:11,906 [INFO] FileExtend:257 - Standard Zip Deflate
2025-05-28 17:46:11,987 [WARN] MainUpdater:1193 - Updater busy. Cannot search thirdparties
2025-05-28 17:46:11,987 [INFO] ThirdPartyUpdaterWithRetryManager:96 - Updater plugin is busy. [1/15]
2025-05-28 17:46:12,302 [INFO] ServerAccessManage:473 - Download File PacksControlFlags.xml
2025-05-28 17:46:12,367 [INFO] ServerAccessManage:473 - Download File cubemx.pidx
2025-05-28 17:46:12,447 [INFO] LoadServerUpdatesThread:375 - End of LoadServerUpdate Thread
2025-05-28 17:46:12,596 [INFO] CheckServerUpdateThread:120 - End of CheckServer Thread
2025-05-28 17:46:13,096 [INFO] WebApp:169 - Instantiating new browser for Auth
2025-05-28 17:46:13,695 [INFO] WebApp:463 - Apply proxy settings
2025-05-28 17:46:13,696 [INFO] WebApp:548 - Chromium requires no authentication
2025-05-28 17:46:13,704 [INFO] WebApp:491 - Direct internet connection detected
2025-05-28 17:46:13,726 [INFO] WebApp:894 - Register for checkConnection events
2025-05-28 17:46:13,726 [INFO] WebApp:463 - Apply proxy settings
2025-05-28 17:46:13,726 [INFO] WebApp:548 - Chromium requires no authentication
2025-05-28 17:46:13,726 [INFO] WebApp:491 - Direct internet connection detected
2025-05-28 17:46:13,871 [INFO] WebApp:225 - Starting web application
2025-05-28 17:46:13,872 [INFO] WebApp:593 - Web application path used C:\ST\STM32CubeIDE_1.17.0\STM32CubeIDE\plugins\com.st.stm32cube.common.mx_6.14.0.202502271554\db\plugins\mcufinder\reactClient1\index.html
2025-05-28 17:46:13,946 [INFO] UserAuth:486 - Internet connection configuration mode: 1
2025-05-28 17:46:14,138 [INFO] WebApp:191 - Connection restablished
2025-05-28 17:46:15,330 [WARN] PackLoader:240 - Cannot read IP mode file for STMicroelectronics.FP-SNS-MOTENVWB1.1.4.0
2025-05-28 17:46:15,346 [WARN] PackLoader:240 - Cannot read IP mode file for STMicroelectronics.FP-ATR-ASTRA1.2.0.2
2025-05-28 17:46:15,356 [WARN] PackLoader:240 - Cannot read IP mode file for STMicroelectronics.FP-ATR-ASTRA1.2.0.1
2025-05-28 17:46:15,371 [WARN] PackLoader:240 - Cannot read IP mode file for STMicroelectronics.X-CUBE-SMBUS.2.1.0
2025-05-28 17:46:15,388 [WARN] PackLoader:240 - Cannot read IP mode file for STMicroelectronics.X-CUBE-WB05N.1.1.0
2025-05-28 17:46:15,436 [WARN] PackLoader:240 - Cannot read IP mode file for STMicroelectronics.X-CUBE-AZRTOS-F7.1.1.0
2025-05-28 17:46:15,453 [WARN] PackLoader:240 - Cannot read IP mode file for STMicroelectronics.FP-SNS-FLIGHT1.5.0.2
2025-05-28 17:46:15,494 [WARN] PackLoader:240 - Cannot read IP mode file for Infineon.AIROC-Wi-Fi-Bluetooth-STM32.1.7.0
2025-05-28 17:46:15,519 [WARN] PackLoader:240 - Cannot read IP mode file for STMicroelectronics.X-CUBE-DISPLAY.3.0.0
2025-05-28 17:46:15,539 [WARN] PackLoader:240 - Cannot read IP mode file for STMicroelectronics.X-CUBE-BLE1.7.0.0
2025-05-28 17:46:15,555 [WARN] PackLoader:240 - Cannot read IP mode file for STMicroelectronics.X-CUBE-NFC10.1.0.0
2025-05-28 17:46:15,579 [WARN] PackLoader:240 - Cannot read IP mode file for STMicroelectronics.X-CUBE-BLEMGR.4.0.0
2025-05-28 17:46:15,597 [WARN] PackLoader:240 - Cannot read IP mode file for emotas.I-CUBE-CANOPEN.1.3.0
2025-05-28 17:46:15,608 [WARN] PackLoader:240 - Cannot read IP mode file for STMicroelectronics.X-CUBE-AI.10.0.0
2025-05-28 17:46:15,621 [WARN] PackLoader:240 - Cannot read IP mode file for STMicroelectronics.FP-SNS-SMARTAG2.1.2.0
2025-05-28 17:46:15,631 [WARN] PackLoader:240 - Cannot read IP mode file for STMicroelectronics.FP-SNS-FLIGHT1.5.1.0
2025-05-28 17:46:15,699 [WARN] PackLoader:240 - Cannot read IP mode file for STMicroelectronics.X-CUBE-MEMS1.11.1.0
2025-05-28 17:46:15,862 [INFO] LogOutputStream:77 - [STDOUT_REDIRECT] 1 : Invalid condition id : UX_CORESTACK_Condition cause : null
2025-05-28 17:46:15,863 [INFO] LogOutputStream:77 - [STDOUT_REDIRECT] 1 : Invalid condition id : UX_CORESTACK_Condition cause : null
2025-05-28 17:46:15,864 [INFO] LogOutputStream:77 - [STDOUT_REDIRECT] 1 : Invalid condition id : UX_CORESTACK_Condition cause : null
2025-05-28 17:46:15,865 [INFO] LogOutputStream:77 - [STDOUT_REDIRECT] 1 : Invalid condition id : UX_CORESTACK_Condition cause : null
2025-05-28 17:46:15,866 [INFO] LogOutputStream:77 - [STDOUT_REDIRECT] 1 : Invalid condition id : UX_CORESTACK_Condition cause : null
2025-05-28 17:46:15,868 [WARN] PackLoader:240 - Cannot read IP mode file for STMicroelectronics.X-CUBE-AZRTOS-WL.2.0.0
2025-05-28 17:46:15,880 [WARN] PackLoader:240 - Cannot read IP mode file for STMicroelectronics.FP-SNS-MOTENV1.5.0.0
2025-05-28 17:46:15,890 [WARN] PackLoader:240 - Cannot read IP mode file for wolfSSL.I-CUBE-wolfMQTT.1.19.0
2025-05-28 17:46:15,902 [WARN] PackLoader:240 - Cannot read IP mode file for WES.I-CUBE-Cesium.1.3.0
2025-05-28 17:46:15,912 [WARN] PackLoader:240 - Cannot read IP mode file for STMicroelectronics.X-CUBE-BLE2.3.3.0
2025-05-28 17:46:15,923 [WARN] PackLoader:240 - Cannot read IP mode file for STMicroelectronics.X-CUBE-NFC9.1.0.0
2025-05-28 17:46:15,936 [WARN] PackLoader:240 - Cannot read IP mode file for STMicroelectronics.X-CUBE-BLE1.7.1.0
2025-05-28 17:46:15,983 [WARN] PackLoader:240 - Cannot read IP mode file for STMicroelectronics.X-CUBE-MEMS1.11.2.0
2025-05-28 17:46:16,091 [WARN] PackLoader:240 - Cannot read IP mode file for STMicroelectronics.X-CUBE-AZRTOS-G0.1.1.0
2025-05-28 17:46:16,109 [WARN] PackLoader:240 - Cannot read IP mode file for STMicroelectronics.X-CUBE-SAFEA1.1.2.2
2025-05-28 17:46:16,120 [WARN] PackLoader:240 - Cannot read IP mode file for STMicroelectronics.X-CUBE-NFC4.3.0.0
2025-05-28 17:46:16,134 [WARN] PackLoader:240 - Cannot read IP mode file for EmbeddedOffice.I-CUBE-FS-RTOS.1.0.1
2025-05-28 17:46:16,145 [WARN] PackLoader:240 - Cannot read IP mode file for STMicroelectronics.X-CUBE-WB05N.2.0.0
2025-05-28 17:46:16,160 [WARN] PackLoader:240 - Cannot read IP mode file for STMicroelectronics.X-CUBE-TCPP.4.2.0
2025-05-28 17:46:16,172 [WARN] PackLoader:240 - Cannot read IP mode file for RealThread.X-CUBE-RT-Thread_Nano.4.1.1
2025-05-28 17:46:16,181 [WARN] PackLoader:240 - Cannot read IP mode file for STMicroelectronics.FP-ATR-SIGFOX1.3.2.0
2025-05-28 17:46:16,191 [WARN] ConditionMgr:438 - getConditionDescription Invalid condition id : Cortex-A Device cause : null
2025-05-28 17:46:16,201 [WARN] ConditionMgr:1044 - genDependencies : Invalid condition id : Cortex-A Device cause : null
2025-05-28 17:46:16,201 [WARN] ConditionMgr:1044 - genDependencies : Invalid condition id : Cortex-A Device cause : null
2025-05-28 17:46:16,201 [WARN] ConditionMgr:1044 - genDependencies : Invalid condition id : Cortex-A Device cause : null
2025-05-28 17:46:16,213 [WARN] PackLoader:240 - Cannot read IP mode file for STMicroelectronics.X-CUBE-EEPRMA1.5.1.0
2025-05-28 17:46:16,224 [WARN] PackLoader:240 - Cannot read IP mode file for wolfSSL.I-CUBE-wolfSSL.5.7.4
2025-05-28 17:46:16,237 [WARN] PackLoader:240 - Cannot read IP mode file for ITTIA_DB.I-CUBE-ITTIADB.8.9.0
2025-05-28 17:46:16,267 [WARN] PackLoader:240 - Cannot read IP mode file for SEGGER.I-CUBE-embOS.1.3.1
2025-05-28 17:46:16,300 [WARN] PackLoader:240 - Cannot read IP mode file for STMicroelectronics.X-CUBE-ALGOBUILD.1.4.0
2025-05-28 17:46:16,308 [WARN] PackLoader:240 - Cannot read IP mode file for STMicroelectronics.X-CUBE-AI.9.1.0
2025-05-28 17:46:16,333 [WARN] PackLoader:240 - Cannot read IP mode file for STMicroelectronics.X-CUBE-AZRTOS-F4.1.1.0
2025-05-28 17:46:16,343 [WARN] PackLoader:240 - Cannot read IP mode file for Avnet-IotConnect.X-CUBE-IoTC-DA16k-PMOD.1.0.0
2025-05-28 17:46:16,353 [WARN] PackLoader:240 - Cannot read IP mode file for STMicroelectronics.X-CUBE-ISPU.2.1.0
2025-05-28 17:46:16,376 [WARN] PackLoader:240 - Cannot read IP mode file for STMicroelectronics.X-CUBE-AZRTOS-L5.2.0.0
2025-05-28 17:46:16,390 [WARN] PackLoader:240 - Cannot read IP mode file for STMicroelectronics.X-CUBE-NFC6.3.1.0
2025-05-28 17:46:16,403 [WARN] PackLoader:240 - Cannot read IP mode file for STMicroelectronics.X-CUBE-DPower.1.2.0
2025-05-28 17:46:16,414 [WARN] PackLoader:240 - Cannot read IP mode file for STMicroelectronics.X-CUBE-FREERTOS.1.3.1
2025-05-28 17:46:16,424 [WARN] PackLoader:240 - Cannot read IP mode file for STMicroelectronics.X-CUBE-FREERTOS.1.3.0
2025-05-28 17:46:16,434 [WARN] PackLoader:240 - Cannot read IP mode file for STMicroelectronics.X-CUBE-NFC7.1.0.1
2025-05-28 17:46:16,445 [WARN] PackLoader:240 - Cannot read IP mode file for STMicroelectronics.X-CUBE-DPower.1.3.0
2025-05-28 17:46:16,471 [WARN] ConditionMgr:438 - getConditionDescription Invalid condition id : LAN8742 Phy interface Condition cause : null
2025-05-28 17:46:16,471 [WARN] PackLoader:240 - Cannot read IP mode file for STMicroelectronics.X-CUBE-AZRTOS-L4.2.0.0
2025-05-28 17:46:16,472 [WARN] ConditionMgr:1044 - genDependencies : Invalid condition id : LAN8742 Phy interface Condition cause : null
2025-05-28 17:46:16,472 [WARN] ConditionMgr:1044 - genDependencies : Invalid condition id : LAN8742 Phy interface Condition cause : null
2025-05-28 17:46:16,473 [WARN] ConditionMgr:1044 - genDependencies : Invalid condition id : LAN8742 Phy interface Condition cause : null
2025-05-28 17:46:16,485 [WARN] PackLoader:240 - Cannot read IP mode file for STMicroelectronics.X-CUBE-SFXS2LP1.4.0.0
2025-05-28 17:46:16,514 [WARN] PackLoader:240 - Cannot read IP mode file for STMicroelectronics.X-CUBE-AZRTOS-H7.3.3.0
2025-05-28 17:46:16,530 [WARN] PackLoader:240 - Cannot read IP mode file for STMicroelectronics.X-CUBE-IPS.3.0.0
2025-05-28 17:46:16,551 [WARN] ConditionMgr:438 - getConditionDescription Invalid condition id : UX DEVICE CLASS RTOS Condition cause : null
2025-05-28 17:46:16,551 [WARN] ConditionMgr:438 - getConditionDescription Invalid condition id : UX DEVICE CLASS RTOS Condition cause : null
2025-05-28 17:46:16,553 [WARN] PackLoader:240 - Cannot read IP mode file for STMicroelectronics.X-CUBE-AZRTOS-WB.2.0.0
2025-05-28 17:46:16,553 [WARN] ConditionMgr:1044 - genDependencies : Invalid condition id : UX DEVICE CLASS RTOS Condition cause : null
2025-05-28 17:46:16,553 [WARN] ConditionMgr:1044 - genDependencies : Invalid condition id : UX DEVICE CLASS RTOS Condition cause : null
2025-05-28 17:46:16,554 [WARN] ConditionMgr:1044 - genDependencies : Invalid condition id : UX DEVICE CLASS RTOS Condition cause : null
2025-05-28 17:46:16,554 [WARN] ConditionMgr:1044 - genDependencies : Invalid condition id : UX DEVICE CLASS RTOS Condition cause : null
2025-05-28 17:46:16,554 [WARN] ConditionMgr:1044 - genDependencies : Invalid condition id : UX DEVICE CLASS RTOS Condition cause : null
2025-05-28 17:46:16,565 [WARN] PackLoader:240 - Cannot read IP mode file for STMicroelectronics.X-CUBE-GNSS1.7.0.1
2025-05-28 17:46:16,575 [WARN] PackLoader:240 - Cannot read IP mode file for STMicroelectronics.X-CUBE-TOUCHGFX.4.25.0
2025-05-28 17:46:16,587 [WARN] PackLoader:240 - Cannot read IP mode file for STMicroelectronics.FP-SNS-STBOX1.2.0.0
2025-05-28 17:46:16,603 [WARN] PackLoader:240 - Cannot read IP mode file for STMicroelectronics.X-CUBE-SUBG2.5.0.0
2025-05-28 17:46:16,637 [WARN] PackLoader:240 - Cannot read IP mode file for STMicroelectronics.X-CUBE-AZRTOS-H7RS.1.1.0
2025-05-28 17:46:16,648 [WARN] PackLoader:240 - Cannot read IP mode file for Cesanta.I-CUBE-Mongoose.7.13.0
2025-05-28 17:46:16,668 [WARN] PackLoader:240 - Cannot read IP mode file for STMicroelectronics.X-CUBE-AZRTOS-G4.2.0.0
2025-05-28 17:46:16,677 [WARN] PackLoader:240 - Cannot read IP mode file for STMicroelectronics.X-CUBE-NFC7.2.0.0
2025-05-28 17:46:16,692 [WARN] PackLoader:240 - Cannot read IP mode file for STMicroelectronics.X-CUBE-IPS.3.1.0
2025-05-28 17:46:16,705 [WARN] PackLoader:240 - Cannot read IP mode file for STMicroelectronics.X-CUBE-ALS.1.0.2
2025-05-28 17:46:16,713 [WARN] PackLoader:240 - Cannot read IP mode file for STMicroelectronics.X-CUBE-TOUCHGFX.4.24.2
2025-05-28 17:46:16,720 [WARN] PackLoader:240 - Cannot read IP mode file for STMicroelectronics.X-CUBE-TOUCHGFX.4.24.1
2025-05-28 17:46:16,728 [WARN] PackLoader:240 - Cannot read IP mode file for wolfSSL.I-CUBE-wolfTPM.3.4.0
2025-05-28 17:46:16,739 [WARN] PackLoader:240 - Cannot read IP mode file for portGmbH.I-Cube-SoM-uGOAL.1.1.0
2025-05-28 17:46:16,761 [WARN] PackLoader:240 - Cannot read IP mode file for STMicroelectronics.X-CUBE-AZRTOS-H7RS.1.0.0
2025-05-28 17:46:16,777 [WARN] PackLoader:240 - Cannot read IP mode file for STMicroelectronics.X-CUBE-TOF1.3.4.2
2025-05-28 17:46:16,798 [WARN] PackLoader:240 - Cannot read IP mode file for STMicroelectronics.X-CUBE-TOF1.3.4.3
2025-05-28 17:46:16,813 [WARN] PackLoader:240 - Cannot read IP mode file for wolfSSL.I-CUBE-wolfSSH.1.4.17
2025-05-28 17:46:16,814 [INFO] ThirdParty:978 - Integrity check success = true
2025-05-28 17:46:16,814 [INFO] IntegrityCheckThread:100 - exiting critical section [integrity check]
2025-05-28 17:46:16,814 [INFO] IntegrityCheckThread:103 - End integrity checks thread
2025-05-28 17:47:16,309 [ERROR] LogOutputStream:75 - [STDERR_REDIRECT] 
